mode: set
smart_evm/chaincode/smartContract.go:39.138,48.17 3 1
smart_evm/chaincode/smartContract.go:48.17,50.4 1 0
smart_evm/chaincode/smartContract.go:52.3,53.17 2 1
smart_evm/chaincode/smartContract.go:53.17,55.4 1 1
smart_evm/chaincode/smartContract.go:58.3,65.34 2 1
smart_evm/chaincode/smartContract.go:65.34,67.18 2 1
smart_evm/chaincode/smartContract.go:67.18,69.5 1 0
smart_evm/chaincode/smartContract.go:71.4,72.18 2 1
smart_evm/chaincode/smartContract.go:72.18,74.5 1 0
smart_evm/chaincode/smartContract.go:77.3,77.13 1 1
smart_evm/chaincode/smartContract.go:84.105,85.33 1 1
smart_evm/chaincode/smartContract.go:85.33,87.14 2 1
smart_evm/chaincode/smartContract.go:87.14,89.4 1 1
smart_evm/chaincode/smartContract.go:90.3,90.28 1 1
smart_evm/chaincode/smartContract.go:90.28,92.4 1 1
smart_evm/chaincode/smartContract.go:94.3,99.14 3 1
smart_evm/chaincode/smartContract.go:99.14,101.4 1 0
smart_evm/chaincode/smartContract.go:103.3,104.17 2 1
smart_evm/chaincode/smartContract.go:104.17,106.4 1 1
smart_evm/chaincode/smartContract.go:109.2,109.12 1 1
smart_evm/chaincode/smartContract.go:116.112,117.37 1 1
smart_evm/chaincode/smartContract.go:117.37,120.19 2 1
smart_evm/chaincode/smartContract.go:120.19,122.6 1 1
smart_evm/chaincode/smartContract.go:123.5,123.26 1 1
smart_evm/chaincode/smartContract.go:123.26,125.6 1 1
smart_evm/chaincode/smartContract.go:127.5,133.19 3 1
smart_evm/chaincode/smartContract.go:133.19,135.6 1 0
smart_evm/chaincode/smartContract.go:136.5,137.19 2 1
smart_evm/chaincode/smartContract.go:137.19,139.6 1 1
smart_evm/chaincode/smartContract.go:142.3,143.17 2 1
smart_evm/chaincode/smartContract.go:143.17,145.4 1 0
smart_evm/chaincode/smartContract.go:146.3,147.17 2 1
smart_evm/chaincode/smartContract.go:147.17,149.4 1 0
smart_evm/chaincode/smartContract.go:150.3,150.13 1 1
smart_evm/chaincode/smartContract.go:159.106,161.16 2 1
smart_evm/chaincode/smartContract.go:161.16,163.3 1 1
smart_evm/chaincode/smartContract.go:165.2,167.16 3 1
smart_evm/chaincode/smartContract.go:167.16,169.3 1 0
smart_evm/chaincode/smartContract.go:171.2,171.31 1 1
smart_evm/chaincode/smartContract.go:177.122,180.13 2 1
smart_evm/chaincode/smartContract.go:180.13,182.3 1 0
smart_evm/chaincode/smartContract.go:184.2,186.13 3 1
smart_evm/chaincode/smartContract.go:186.13,188.3 1 0
smart_evm/chaincode/smartContract.go:190.2,192.40 2 1
smart_evm/chaincode/smartContract.go:192.40,194.3 1 1
smart_evm/chaincode/smartContract.go:196.2,196.74 1 1
smart_evm/chaincode/smartContract.go:196.74,198.3 1 1
smart_evm/chaincode/smartContract.go:201.2,202.13 2 1
smart_evm/chaincode/smartContract.go:202.13,204.3 1 0
smart_evm/chaincode/smartContract.go:205.2,205.51 1 1
smart_evm/chaincode/smartContract.go:205.51,207.3 1 0
smart_evm/chaincode/smartContract.go:210.2,210.54 1 1
smart_evm/chaincode/smartContract.go:210.54,212.3 1 0
smart_evm/chaincode/smartContract.go:215.2,215.35 1 1
smart_evm/chaincode/smartContract.go:215.35,218.14 2 1
smart_evm/chaincode/smartContract.go:218.14,220.4 1 0
smart_evm/chaincode/smartContract.go:221.3,221.22 1 1
smart_evm/chaincode/smartContract.go:221.22,223.4 1 0
smart_evm/chaincode/smartContract.go:226.3,235.14 3 1
smart_evm/chaincode/smartContract.go:235.14,237.4 1 0
smart_evm/chaincode/smartContract.go:238.3,239.14 2 1
smart_evm/chaincode/smartContract.go:239.14,241.4 1 0
smart_evm/chaincode/smartContract.go:245.2,245.32 1 1
smart_evm/chaincode/smartContract.go:245.32,251.14 3 0
smart_evm/chaincode/smartContract.go:251.14,253.4 1 0
smart_evm/chaincode/smartContract.go:254.3,255.14 2 0
smart_evm/chaincode/smartContract.go:255.14,257.4 1 0
smart_evm/chaincode/smartContract.go:260.2,260.12 1 1
