mode: set
smart_evm/chaincode/smartContract.go:37.140,46.16 3 1
smart_evm/chaincode/smartContract.go:46.16,48.3 1 0
smart_evm/chaincode/smartContract.go:50.2,51.16 2 1
smart_evm/chaincode/smartContract.go:51.16,53.3 1 1
smart_evm/chaincode/smartContract.go:56.2,63.33 2 1
smart_evm/chaincode/smartContract.go:63.33,65.17 2 1
smart_evm/chaincode/smartContract.go:65.17,67.4 1 0
smart_evm/chaincode/smartContract.go:69.3,70.17 2 1
smart_evm/chaincode/smartContract.go:70.17,72.4 1 0
smart_evm/chaincode/smartContract.go:75.2,75.12 1 1
smart_evm/chaincode/smartContract.go:78.105,79.35 1 1
smart_evm/chaincode/smartContract.go:79.35,81.17 2 1
smart_evm/chaincode/smartContract.go:81.17,83.4 1 1
smart_evm/chaincode/smartContract.go:84.3,84.31 1 1
smart_evm/chaincode/smartContract.go:84.31,86.4 1 1
smart_evm/chaincode/smartContract.go:88.3,93.17 3 1
smart_evm/chaincode/smartContract.go:93.17,95.4 1 0
smart_evm/chaincode/smartContract.go:97.3,98.17 2 1
smart_evm/chaincode/smartContract.go:98.17,100.4 1 1
smart_evm/chaincode/smartContract.go:103.3,110.17 3 1
smart_evm/chaincode/smartContract.go:110.17,112.4 1 0
smart_evm/chaincode/smartContract.go:113.3,114.17 2 1
smart_evm/chaincode/smartContract.go:114.17,116.4 1 0
smart_evm/chaincode/smartContract.go:119.2,119.12 1 1
smart_evm/chaincode/smartContract.go:122.112,123.37 1 1
smart_evm/chaincode/smartContract.go:123.37,126.17 2 1
smart_evm/chaincode/smartContract.go:126.17,128.4 1 1
smart_evm/chaincode/smartContract.go:129.3,129.24 1 1
smart_evm/chaincode/smartContract.go:129.24,131.4 1 1
smart_evm/chaincode/smartContract.go:133.3,139.17 3 1
smart_evm/chaincode/smartContract.go:139.17,141.4 1 0
smart_evm/chaincode/smartContract.go:142.3,143.17 2 1
smart_evm/chaincode/smartContract.go:143.17,145.4 1 1
smart_evm/chaincode/smartContract.go:148.2,149.16 2 1
smart_evm/chaincode/smartContract.go:149.16,151.3 1 0
smart_evm/chaincode/smartContract.go:152.2,153.16 2 1
smart_evm/chaincode/smartContract.go:153.16,155.3 1 0
smart_evm/chaincode/smartContract.go:156.2,156.12 1 1
smart_evm/chaincode/smartContract.go:160.106,162.16 2 1
smart_evm/chaincode/smartContract.go:162.16,164.3 1 1
smart_evm/chaincode/smartContract.go:166.2,168.16 3 1
smart_evm/chaincode/smartContract.go:168.16,170.3 1 0
smart_evm/chaincode/smartContract.go:172.2,172.31 1 1
smart_evm/chaincode/smartContract.go:175.121,178.16 2 1
smart_evm/chaincode/smartContract.go:178.16,180.3 1 0
smart_evm/chaincode/smartContract.go:182.2,184.16 3 1
smart_evm/chaincode/smartContract.go:184.16,186.3 1 0
smart_evm/chaincode/smartContract.go:189.2,189.51 1 1
smart_evm/chaincode/smartContract.go:189.51,191.3 1 1
smart_evm/chaincode/smartContract.go:194.2,194.58 1 1
smart_evm/chaincode/smartContract.go:194.58,196.3 1 1
smart_evm/chaincode/smartContract.go:200.2,201.16 2 1
smart_evm/chaincode/smartContract.go:201.16,203.3 1 0
smart_evm/chaincode/smartContract.go:204.2,204.23 1 1
smart_evm/chaincode/smartContract.go:204.23,206.3 1 0
smart_evm/chaincode/smartContract.go:209.2,210.16 2 1
smart_evm/chaincode/smartContract.go:210.16,212.3 1 0
smart_evm/chaincode/smartContract.go:213.2,213.24 1 1
smart_evm/chaincode/smartContract.go:213.24,215.3 1 0
smart_evm/chaincode/smartContract.go:217.2,219.16 3 1
smart_evm/chaincode/smartContract.go:219.16,221.3 1 0
smart_evm/chaincode/smartContract.go:224.2,224.21 1 1
smart_evm/chaincode/smartContract.go:224.21,226.3 1 1
smart_evm/chaincode/smartContract.go:229.2,229.37 1 1
smart_evm/chaincode/smartContract.go:229.37,231.17 2 1
smart_evm/chaincode/smartContract.go:231.17,233.4 1 0
smart_evm/chaincode/smartContract.go:234.3,234.25 1 1
smart_evm/chaincode/smartContract.go:234.25,236.4 1 1
smart_evm/chaincode/smartContract.go:240.2,243.33 2 1
smart_evm/chaincode/smartContract.go:243.33,245.3 1 1
smart_evm/chaincode/smartContract.go:248.2,249.16 2 1
smart_evm/chaincode/smartContract.go:249.16,251.3 1 0
smart_evm/chaincode/smartContract.go:252.2,253.16 2 1
smart_evm/chaincode/smartContract.go:253.16,255.3 1 0
smart_evm/chaincode/smartContract.go:257.2,257.12 1 1
smart_evm/chaincode/smartContract.go:262.113,265.16 2 1
smart_evm/chaincode/smartContract.go:265.16,267.3 1 1
smart_evm/chaincode/smartContract.go:268.2,268.24 1 1
smart_evm/chaincode/smartContract.go:268.24,270.3 1 1
smart_evm/chaincode/smartContract.go:273.2,274.16 2 1
smart_evm/chaincode/smartContract.go:274.16,276.3 1 0
smart_evm/chaincode/smartContract.go:277.2,281.25 3 1
smart_evm/chaincode/smartContract.go:281.25,283.17 2 1
smart_evm/chaincode/smartContract.go:283.17,285.4 1 0
smart_evm/chaincode/smartContract.go:286.3,286.14 1 1
smart_evm/chaincode/smartContract.go:289.2,289.23 1 1
