mode: set
smart_evm/chaincode/smartContract.go:37.140,46.16 3 1
smart_evm/chaincode/smartContract.go:46.16,48.3 1 0
smart_evm/chaincode/smartContract.go:50.2,51.16 2 1
smart_evm/chaincode/smartContract.go:51.16,53.3 1 1
smart_evm/chaincode/smartContract.go:56.2,63.33 2 1
smart_evm/chaincode/smartContract.go:63.33,65.17 2 1
smart_evm/chaincode/smartContract.go:65.17,67.4 1 0
smart_evm/chaincode/smartContract.go:69.3,70.17 2 1
smart_evm/chaincode/smartContract.go:70.17,72.4 1 0
smart_evm/chaincode/smartContract.go:75.2,75.12 1 1
smart_evm/chaincode/smartContract.go:78.105,79.35 1 1
smart_evm/chaincode/smartContract.go:79.35,81.17 2 1
smart_evm/chaincode/smartContract.go:81.17,83.4 1 1
smart_evm/chaincode/smartContract.go:84.3,84.31 1 1
smart_evm/chaincode/smartContract.go:84.31,86.4 1 1
smart_evm/chaincode/smartContract.go:88.3,93.17 3 1
smart_evm/chaincode/smartContract.go:93.17,95.4 1 0
smart_evm/chaincode/smartContract.go:97.3,98.17 2 1
smart_evm/chaincode/smartContract.go:98.17,100.4 1 1
smart_evm/chaincode/smartContract.go:103.3,110.17 3 1
smart_evm/chaincode/smartContract.go:110.17,112.4 1 0
smart_evm/chaincode/smartContract.go:113.3,114.17 2 1
smart_evm/chaincode/smartContract.go:114.17,116.4 1 0
smart_evm/chaincode/smartContract.go:119.2,119.12 1 1
smart_evm/chaincode/smartContract.go:122.112,123.37 1 1
smart_evm/chaincode/smartContract.go:123.37,126.17 2 1
smart_evm/chaincode/smartContract.go:126.17,128.4 1 1
smart_evm/chaincode/smartContract.go:129.3,129.24 1 1
smart_evm/chaincode/smartContract.go:129.24,131.4 1 1
smart_evm/chaincode/smartContract.go:133.3,139.17 3 1
smart_evm/chaincode/smartContract.go:139.17,141.4 1 0
smart_evm/chaincode/smartContract.go:142.3,143.17 2 1
smart_evm/chaincode/smartContract.go:143.17,145.4 1 1
smart_evm/chaincode/smartContract.go:148.2,149.16 2 1
smart_evm/chaincode/smartContract.go:149.16,151.3 1 0
smart_evm/chaincode/smartContract.go:152.2,153.16 2 1
smart_evm/chaincode/smartContract.go:153.16,155.3 1 0
smart_evm/chaincode/smartContract.go:156.2,156.12 1 1
smart_evm/chaincode/smartContract.go:160.106,162.16 2 1
smart_evm/chaincode/smartContract.go:162.16,164.3 1 1
smart_evm/chaincode/smartContract.go:166.2,168.16 3 1
smart_evm/chaincode/smartContract.go:168.16,170.3 1 0
smart_evm/chaincode/smartContract.go:172.2,172.31 1 1
smart_evm/chaincode/smartContract.go:177.121,180.16 2 1
smart_evm/chaincode/smartContract.go:180.16,182.3 1 0
smart_evm/chaincode/smartContract.go:184.2,186.16 3 1
smart_evm/chaincode/smartContract.go:186.16,188.3 1 0
smart_evm/chaincode/smartContract.go:191.2,191.51 1 1
smart_evm/chaincode/smartContract.go:191.51,193.3 1 1
smart_evm/chaincode/smartContract.go:196.2,196.58 1 1
smart_evm/chaincode/smartContract.go:196.58,198.3 1 1
smart_evm/chaincode/smartContract.go:202.2,203.16 2 1
smart_evm/chaincode/smartContract.go:203.16,205.3 1 0
smart_evm/chaincode/smartContract.go:206.2,206.23 1 1
smart_evm/chaincode/smartContract.go:206.23,208.3 1 1
smart_evm/chaincode/smartContract.go:211.2,212.16 2 1
smart_evm/chaincode/smartContract.go:212.16,214.3 1 0
smart_evm/chaincode/smartContract.go:215.2,215.24 1 1
smart_evm/chaincode/smartContract.go:215.24,217.3 1 0
smart_evm/chaincode/smartContract.go:219.2,221.16 3 1
smart_evm/chaincode/smartContract.go:221.16,223.3 1 0
smart_evm/chaincode/smartContract.go:226.2,226.21 1 1
smart_evm/chaincode/smartContract.go:226.21,228.3 1 1
smart_evm/chaincode/smartContract.go:231.2,231.37 1 1
smart_evm/chaincode/smartContract.go:231.37,233.17 2 1
smart_evm/chaincode/smartContract.go:233.17,235.4 1 0
smart_evm/chaincode/smartContract.go:236.3,236.25 1 1
smart_evm/chaincode/smartContract.go:236.25,238.4 1 1
smart_evm/chaincode/smartContract.go:242.2,245.33 2 1
smart_evm/chaincode/smartContract.go:245.33,247.3 1 1
smart_evm/chaincode/smartContract.go:250.2,251.16 2 1
smart_evm/chaincode/smartContract.go:251.16,253.3 1 0
smart_evm/chaincode/smartContract.go:254.2,255.16 2 1
smart_evm/chaincode/smartContract.go:255.16,257.3 1 1
smart_evm/chaincode/smartContract.go:259.2,259.12 1 1
smart_evm/chaincode/smartContract.go:264.113,267.16 2 1
smart_evm/chaincode/smartContract.go:267.16,269.3 1 1
smart_evm/chaincode/smartContract.go:270.2,270.24 1 1
smart_evm/chaincode/smartContract.go:270.24,272.3 1 1
smart_evm/chaincode/smartContract.go:275.2,276.16 2 1
smart_evm/chaincode/smartContract.go:276.16,278.3 1 0
smart_evm/chaincode/smartContract.go:279.2,283.25 3 1
smart_evm/chaincode/smartContract.go:283.25,285.17 2 1
smart_evm/chaincode/smartContract.go:285.17,287.4 1 0
smart_evm/chaincode/smartContract.go:288.3,288.14 1 1
smart_evm/chaincode/smartContract.go:291.2,291.23 1 1
